<?xml version="1.0" encoding="UTF-8"?>
<!-- Generated by org.testng.reporters.JUnitReportReporter -->
<testsuite hostname="Mikhails-MacBook-Pro.local" name="artID.FurstTest" tests="15" failures="0" timestamp="31 Jul 2016 05:59:02 GMT" time="60.720" errors="0">
  <testcase name="nyTestSubTotal" time="3.723" classname="artID.FurstTest"/>
  <testcase name="nyTestPercent" time="4.493" classname="artID.FurstTest"/>
  <testcase name="otherStateTestTotal" time="6.245" classname="artID.FurstTest"/>
  <testcase name="californiaSubTotalsTest" time="4.429" classname="artID.FurstTest"/>
  <testcase name="mnTestTotal" time="4.321" classname="artID.FurstTest"/>
  <testcase name="californiaPercentsTest" time="4.431" classname="artID.FurstTest"/>
  <testcase name="validateCheckoutButtonWithEmptyFields" time="0.323" classname="artID.FurstTest"/>
  <testcase name="otherStateTestSubTotal" time="8.036" classname="artID.FurstTest"/>
  <testcase name="validateMainItems" time="0.773" classname="artID.FurstTest"/>
  <testcase name="mnTestPercent" time="3.869" classname="artID.FurstTest"/>
  <testcase name="nyTestTotal" time="5.059" classname="artID.FurstTest"/>
  <testcase name="mnTestSubTotal" time="4.525" classname="artID.FurstTest"/>
  <testcase name="otherStatePercent" time="4.536" classname="artID.FurstTest"/>
  <testcase name="californiaTotalsTest" time="5.409" classname="artID.FurstTest"/>
  <testcase name="titleAssetion" time="0.548" classname="artID.FurstTest"/>
</testsuite> <!-- artID.FurstTest -->
